<?xml version="1.0" encoding="UTF-8"?>
<testng-results skipped="0" failed="0" ignored="0" total="1" passed="1">
  <reporter-output>
  </reporter-output>
  <suite name="Default suite" duration-ms="36543" started-at="2019-06-25T03:15:00Z" finished-at="2019-06-25T03:15:36Z">
    <groups>
    </groups>
    <test name="Default test" duration-ms="36543" started-at="2019-06-25T03:15:00Z" finished-at="2019-06-25T03:15:36Z">
      <class name="com.Zoho.TestCases.TestBookread">
        <test-method status="PASS" signature="Setup()[pri:0, instance:com.Zoho.TestCases.TestBookread@e25b2fe]" name="Setup" is-config="true" duration-ms="9049" started-at="2019-06-25T08:44:51Z" finished-at="2019-06-25T08:45:00Z">
          <reporter-output>
          </reporter-output>
        </test-method> <!-- Setup -->
        <test-method status="PASS" signature="testBookLink()[pri:0, instance:com.Zoho.TestCases.TestBookread@e25b2fe]" name="testBookLink" duration-ms="36496" started-at="2019-06-25T08:45:00Z" finished-at="2019-06-25T08:45:36Z">
          <reporter-output>
          </reporter-output>
        </test-method> <!-- testBookLink -->
        <test-method status="PASS" signature="FailureScreenShot(org.testng.ITestResult)[pri:0, instance:com.Zoho.TestCases.TestBookread@e25b2fe]" name="FailureScreenShot" is-config="true" duration-ms="2" started-at="2019-06-25T08:45:36Z" finished-at="2019-06-25T08:45:36Z">
          <params>
            <param index="0">
              <value>
                <![CDATA[[TestResult name=testBookLink status=SUCCESS method=TestBookread.testBookLink()[pri:0, instance:com.Zoho.TestCases.TestBookread@e25b2fe] output={null}]]]>
              </value>
            </param>
          </params>
          <reporter-output>
          </reporter-output>
        </test-method> <!-- FailureScreenShot -->
        <test-method status="PASS" signature="tearDown()[pri:0, instance:com.Zoho.TestCases.TestBookread@e25b2fe]" name="tearDown" is-config="true" duration-ms="2276" started-at="2019-06-25T08:45:36Z" finished-at="2019-06-25T08:45:39Z">
          <reporter-output>
          </reporter-output>
        </test-method> <!-- tearDown -->
      </class> <!-- com.Zoho.TestCases.TestBookread -->
    </test> <!-- Default test -->
  </suite> <!-- Default suite -->
</testng-results>
